<?xml version="1.0" encoding="UTF-8"?>
<testng-results ignored="0" total="1" passed="1" failed="0" skipped="0">
  <reporter-output>
  </reporter-output>
  <suite started-at="2025-09-26T17:27:15 IST" name="Default suite" finished-at="2025-09-26T17:29:08 IST" duration-ms="113594">
    <groups>
    </groups>
    <test started-at="2025-09-26T17:27:15 IST" name="Default test" finished-at="2025-09-26T17:29:08 IST" duration-ms="113594">
      <class name="caaza_testcases.TC05_DualNodeSanity">
        <test-method is-config="true" signature="beforeSuite()[pri:0, instance:caaza_testcases.TC05_DualNodeSanity@4bff7da0]" started-at="2025-09-26T17:27:15 IST" name="beforeSuite" finished-at="2025-09-26T17:27:15 IST" duration-ms="233" status="PASS">
          <reporter-output>
          </reporter-output>
        </test-method> <!-- beforeSuite -->
        <test-method is-config="true" signature="beforeTest()[pri:0, instance:caaza_testcases.TC05_DualNodeSanity@4bff7da0]" started-at="2025-09-26T17:27:15 IST" name="beforeTest" finished-at="2025-09-26T17:27:15 IST" duration-ms="1" status="PASS">
          <reporter-output>
          </reporter-output>
        </test-method> <!-- beforeTest -->
        <test-method is-config="true" signature="startTestCase()[pri:0, instance:caaza_testcases.TC05_DualNodeSanity@4bff7da0]" started-at="2025-09-26T17:27:15 IST" name="startTestCase" finished-at="2025-09-26T17:27:15 IST" duration-ms="0" status="PASS">
          <reporter-output>
          </reporter-output>
        </test-method> <!-- startTestCase -->
        <test-method signature="DualNodeSanity_Check()[pri:0, instance:caaza_testcases.TC05_DualNodeSanity@4bff7da0]" started-at="2025-09-26T17:27:15 IST" name="DualNodeSanity_Check" finished-at="2025-09-26T17:29:08 IST" duration-ms="113290" status="PASS">
          <reporter-output>
          </reporter-output>
        </test-method> <!-- DualNodeSanity_Check -->
        <test-method is-config="true" signature="beforeMethod()[pri:0, instance:caaza_testcases.TC05_DualNodeSanity@4bff7da0]" started-at="2025-09-26T17:27:15 IST" name="beforeMethod" finished-at="2025-09-26T17:27:15 IST" duration-ms="0" status="PASS">
          <reporter-output>
          </reporter-output>
        </test-method> <!-- beforeMethod -->
        <test-method is-config="true" signature="afterMethod()[pri:0, instance:caaza_testcases.TC05_DualNodeSanity@4bff7da0]" started-at="2025-09-26T17:29:08 IST" name="afterMethod" finished-at="2025-09-26T17:29:08 IST" duration-ms="275" status="PASS">
          <reporter-output>
          </reporter-output>
        </test-method> <!-- afterMethod -->
        <test-method is-config="true" signature="afterTest()[pri:0, instance:caaza_testcases.TC05_DualNodeSanity@4bff7da0]" started-at="2025-09-26T17:29:08 IST" name="afterTest" finished-at="2025-09-26T17:29:08 IST" duration-ms="1" status="PASS">
          <reporter-output>
          </reporter-output>
        </test-method> <!-- afterTest -->
        <test-method is-config="true" signature="afterSuite()[pri:0, instance:caaza_testcases.TC05_DualNodeSanity@4bff7da0]" started-at="2025-09-26T17:29:08 IST" name="afterSuite" finished-at="2025-09-26T17:29:09 IST" duration-ms="209" status="PASS">
          <reporter-output>
          </reporter-output>
        </test-method> <!-- afterSuite -->
      </class> <!-- caaza_testcases.TC05_DualNodeSanity -->
    </test> <!-- Default test -->
  </suite> <!-- Default suite -->
</testng-results>
